1709023675.377980 [0]       ros2: config: Domain/General/MulticastRecvNetworkInterfaceAddresses/#text: preferred {}
1709023675.378005 [0]       ros2: config: Domain/General/Interfaces/NetworkInterface[@autodetermine]: false {}
1709023675.378012 [0]       ros2: config: Domain/General/Interfaces/NetworkInterface[@name]: docker0 {1}
1709023675.378016 [0]       ros2: config: Domain/General/Interfaces/NetworkInterface[@address]:  {}
1709023675.378021 [0]       ros2: config: Domain/General/Interfaces/NetworkInterface[@priority]: default {1}
1709023675.378025 [0]       ros2: config: Domain/General/Interfaces/NetworkInterface[@prefer_multicast]: false {}
1709023675.378029 [0]       ros2: config: Domain/General/Interfaces/NetworkInterface[@presence_required]: true {}
1709023675.378033 [0]       ros2: config: Domain/General/Interfaces/NetworkInterface[@multicast]: default {1}
1709023675.378037 [0]       ros2: config: Domain/General/ExternalNetworkAddress/#text: auto {}
1709023675.378041 [0]       ros2: config: Domain/General/ExternalNetworkMask/#text: 0.0.0.0 {}
1709023675.378045 [0]       ros2: config: Domain/General/AllowMulticast/#text: default {1}
1709023675.378049 [0]       ros2: config: Domain/General/MulticastTimeToLive/#text: 32 {}
1709023675.378053 [0]       ros2: config: Domain/General/DontRoute/#text: false {}
1709023675.378057 [0]       ros2: config: Domain/General/Transport/#text: udp {}
1709023675.378060 [0]       ros2: config: Domain/General/EnableMulticastLoopback/#text: true {}
1709023675.378065 [0]       ros2: config: Domain/General/MaxMessageSize/#text: 65500 B {1}
1709023675.378069 [0]       ros2: config: Domain/General/MaxRexmitMessageSize/#text: 1456 B {}
1709023675.378073 [0]       ros2: config: Domain/General/FragmentSize/#text: 1344 B {}
1709023675.378076 [0]       ros2: config: Domain/General/RedundantNetworking/#text: false {}
1709023675.378080 [0]       ros2: config: Domain/General/EntityAutoNaming/#text: empty {}
1709023675.378085 [0]       ros2: config: Domain/General/EntityAutoNaming[@seed]: 1056451915 327600863 3465474866 1213546711 4033333154 3759092553 2556045422 220480664 {}
1709023675.378091 [0]       ros2: config: Domain/Sizing/ReceiveBufferSize/#text: 1 MiB {}
1709023675.378095 [0]       ros2: config: Domain/Sizing/ReceiveBufferChunkSize/#text: 128 KiB {}
1709023675.378099 [0]       ros2: config: Domain/Compatibility/StandardsConformance/#text: lax {}
1709023675.378103 [0]       ros2: config: Domain/Compatibility/ExplicitlyPublishQosSetToDefault/#text: false {}
1709023675.378107 [0]       ros2: config: Domain/Compatibility/ManySocketsMode/#text: single {}
1709023675.378111 [0]       ros2: config: Domain/Compatibility/AssumeRtiHasPmdEndpoints/#text: false {}
1709023675.378115 [0]       ros2: config: Domain/Discovery/Tag/#text:  {}
1709023675.378119 [0]       ros2: config: Domain/Discovery/ExternalDomainId/#text: 0 {}
1709023675.378123 [0]       ros2: config: Domain/Discovery/DSGracePeriod/#text: 30 s {}
1709023675.378127 [0]       ros2: config: Domain/Discovery/ParticipantIndex/#text: none {}
1709023675.378131 [0]       ros2: config: Domain/Discovery/MaxAutoParticipantIndex/#text: 9 {}
1709023675.378135 [0]       ros2: config: Domain/Discovery/SPDPMulticastAddress/#text: 239.255.0.1 {}
1709023675.378139 [0]       ros2: config: Domain/Discovery/SPDPInterval/#text: 30 s {}
1709023675.378142 [0]       ros2: config: Domain/Discovery/DefaultMulticastAddress/#text: auto {}
1709023675.378147 [0]       ros2: config: Domain/Discovery/Ports/Base/#text: 7400 {}
1709023675.378151 [0]       ros2: config: Domain/Discovery/Ports/DomainGain/#text: 250 {}
1709023675.378155 [0]       ros2: config: Domain/Discovery/Ports/ParticipantGain/#text: 2 {}
1709023675.378159 [0]       ros2: config: Domain/Discovery/Ports/MulticastMetaOffset/#text: 0 {}
1709023675.378163 [0]       ros2: config: Domain/Discovery/Ports/UnicastMetaOffset/#text: 10 {}
1709023675.378167 [0]       ros2: config: Domain/Discovery/Ports/MulticastDataOffset/#text: 1 {}
1709023675.378170 [0]       ros2: config: Domain/Discovery/Ports/UnicastDataOffset/#text: 11 {}
1709023675.378179 [0]       ros2: config: Domain/Discovery/EnableTopicDiscoveryEndpoints/#text: false {}
1709023675.378183 [0]       ros2: config: Domain/Discovery/LeaseDuration/#text: 10 s {}
1709023675.378193 [0]       ros2: config: Domain/Tracing/Category/#text: fatal,error,warning,info,config {1}
1709023675.378197 [0]       ros2: config: Domain/Tracing/OutputFile/#text: cyclonedds.log {}
1709023675.378201 [0]       ros2: config: Domain/Tracing/AppendToFile/#text: false {}
1709023675.378205 [0]       ros2: config: Domain/Tracing/PacketCaptureFile/#text:  {}
1709023675.378209 [0]       ros2: config: Domain/Internal/DeliveryQueueMaxSamples/#text: 256 {}
1709023675.378213 [0]       ros2: config: Domain/Internal/PrimaryReorderMaxSamples/#text: 128 {}
1709023675.378216 [0]       ros2: config: Domain/Internal/SecondaryReorderMaxSamples/#text: 128 {}
1709023675.378220 [0]       ros2: config: Domain/Internal/DefragUnreliableMaxSamples/#text: 4 {}
1709023675.378224 [0]       ros2: config: Domain/Internal/DefragReliableMaxSamples/#text: 16 {}
1709023675.378228 [0]       ros2: config: Domain/Internal/BuiltinEndpointSet/#text: writers {}
1709023675.378231 [0]       ros2: config: Domain/Internal/MeasureHbToAckLatency/#text: false {}
1709023675.378235 [0]       ros2: config: Domain/Internal/UnicastResponseToSPDPMessages/#text: true {}
1709023675.378239 [0]       ros2: config: Domain/Internal/SynchronousDeliveryPriorityThreshold/#text: 0 {}
1709023675.378243 [0]       ros2: config: Domain/Internal/SynchronousDeliveryLatencyBound/#text: inf {}
1709023675.378247 [0]       ros2: config: Domain/Internal/MaxParticipants/#text: 0 {}
1709023675.378251 [0]       ros2: config: Domain/Internal/AccelerateRexmitBlockSize/#text: 0 {}
1709023675.378254 [0]       ros2: config: Domain/Internal/RetransmitMerging/#text: never {}
1709023675.378258 [0]       ros2: config: Domain/Internal/RetransmitMergingPeriod/#text: 5 ms {}
1709023675.378262 [0]       ros2: config: Domain/Internal/HeartbeatInterval/#text: 100 ms {}
1709023675.378266 [0]       ros2: config: Domain/Internal/HeartbeatInterval[@min]: 5 ms {}
1709023675.378270 [0]       ros2: config: Domain/Internal/HeartbeatInterval[@minsched]: 20 ms {}
1709023675.378274 [0]       ros2: config: Domain/Internal/HeartbeatInterval[@max]: 8 s {}
1709023675.378278 [0]       ros2: config: Domain/Internal/MaxQueuedRexmitBytes/#text: 512 KiB {}
1709023675.378282 [0]       ros2: config: Domain/Internal/MaxQueuedRexmitMessages/#text: 200 {}
1709023675.378286 [0]       ros2: config: Domain/Internal/WriterLingerDuration/#text: 1 s {}
1709023675.378290 [0]       ros2: config: Domain/Internal/SocketReceiveBufferSize[@min]: default {}
1709023675.378294 [0]       ros2: config: Domain/Internal/SocketReceiveBufferSize[@max]: default {}
1709023675.378298 [0]       ros2: config: Domain/Internal/SocketSendBufferSize[@min]: 64 KiB {}
1709023675.378302 [0]       ros2: config: Domain/Internal/SocketSendBufferSize[@max]: default {}
1709023675.378306 [0]       ros2: config: Domain/Internal/NackDelay/#text: 100 ms {}
1709023675.378310 [0]       ros2: config: Domain/Internal/AckDelay/#text: 10 ms {}
1709023675.378314 [0]       ros2: config: Domain/Internal/AutoReschedNackDelay/#text: 3 s {}
1709023675.378318 [0]       ros2: config: Domain/Internal/PreEmptiveAckDelay/#text: 10 ms {}
1709023675.378321 [0]       ros2: config: Domain/Internal/ScheduleTimeRounding/#text: 0 s {}
1709023675.378325 [0]       ros2: config: Domain/Internal/DDSI2DirectMaxThreads/#text: 1 {}
1709023675.378329 [0]       ros2: config: Domain/Internal/SquashParticipants/#text: false {}
1709023675.378333 [0]       ros2: config: Domain/Internal/SPDPResponseMaxDelay/#text: 0 s {}
1709023675.378336 [0]       ros2: config: Domain/Internal/LateAckMode/#text: false {}
1709023675.378340 [0]       ros2: config: Domain/Internal/RetryOnRejectBestEffort/#text: false {}
1709023675.378344 [0]       ros2: config: Domain/Internal/GenerateKeyhash/#text: false {}
1709023675.378348 [0]       ros2: config: Domain/Internal/MaxSampleSize/#text: 2147483647 B {}
1709023675.378352 [0]       ros2: config: Domain/Internal/LivelinessMonitoring/#text: false {}
1709023675.378358 [0]       ros2: config: Domain/Internal/LivelinessMonitoring[@StackTraces]: true {}
1709023675.378362 [0]       ros2: config: Domain/Internal/LivelinessMonitoring[@Interval]: 1 s {}
1709023675.378366 [0]       ros2: config: Domain/Internal/MonitorPort/#text: -1 {}
1709023675.378370 [0]       ros2: config: Domain/Internal/PrioritizeRetransmit/#text: true {}
1709023675.378374 [0]       ros2: config: Domain/Internal/UseMulticastIfMreqn/#text: 0 {}
1709023675.378378 [0]       ros2: config: Domain/Internal/RediscoveryBlacklistDuration/#text: 0 s {}
1709023675.378382 [0]       ros2: config: Domain/Internal/RediscoveryBlacklistDuration[@enforce]: false {}
1709023675.378386 [0]       ros2: config: Domain/Internal/MultipleReceiveThreads/#text: default {}
1709023675.378390 [0]       ros2: config: Domain/Internal/MultipleReceiveThreads[@maxretries]: 4294967295 {}
1709023675.378394 [0]       ros2: config: Domain/Internal/Test/XmitLossiness/#text: 0 {}
1709023675.378399 [0]       ros2: config: Domain/Internal/Watermarks/WhcLow/#text: 1 KiB {}
1709023675.378403 [0]       ros2: config: Domain/Internal/Watermarks/WhcHigh/#text: 500 KiB {1}
1709023675.378408 [0]       ros2: config: Domain/Internal/Watermarks/WhcHighInit/#text: 30 KiB {}
1709023675.378412 [0]       ros2: config: Domain/Internal/Watermarks/WhcAdaptive/#text: true {}
1709023675.378416 [0]       ros2: config: Domain/Internal/BurstSize/MaxRexmit/#text: 1 MiB {}
1709023675.378420 [0]       ros2: config: Domain/Internal/BurstSize/MaxInitTransmit/#text: 4294967295 {}
1709023675.378424 [0]       ros2: config: Domain/Internal/EnableExpensiveChecks/#text:  {}
1709023675.378428 [0]       ros2: config: Domain/TCP/NoDelay/#text: true {}
1709023675.378432 [0]       ros2: config: Domain/TCP/Port/#text: -1 {}
1709023675.378436 [0]       ros2: config: Domain/TCP/ReadTimeout/#text: 2 s {}
1709023675.378440 [0]       ros2: config: Domain/TCP/WriteTimeout/#text: 2 s {}
1709023675.378444 [0]       ros2: config: Domain/TCP/AlwaysUsePeeraddrForUnicast/#text: false {}
1709023675.378448 [0]       ros2: config: Domain/SSL/Enable/#text: false {}
1709023675.378452 [0]       ros2: config: Domain/SSL/CertificateVerification/#text: true {}
1709023675.378456 [0]       ros2: config: Domain/SSL/VerifyClient/#text: true {}
1709023675.378460 [0]       ros2: config: Domain/SSL/SelfSignedCertificates/#text: false {}
1709023675.378463 [0]       ros2: config: Domain/SSL/KeystoreFile/#text: keystore {}
1709023675.378467 [0]       ros2: config: Domain/SSL/KeyPassphrase/#text: secret {}
1709023675.378471 [0]       ros2: config: Domain/SSL/Ciphers/#text: ALL:!ADH:!LOW:!EXP:!MD5:@STRENGTH {}
1709023675.378475 [0]       ros2: config: Domain/SSL/EntropyFile/#text:  {}
1709023675.378479 [0]       ros2: config: Domain/SSL/MinimumTLSVersion/#text: 1.3 {}
1709023675.378483 [0]       ros2: config: Domain/SharedMemory/Enable/#text: false {}
1709023675.378487 [0]       ros2: config: Domain/SharedMemory/Locator/#text:  {}
1709023675.378491 [0]       ros2: config: Domain/SharedMemory/Prefix/#text: DDS_CYCLONE {}
1709023675.378494 [0]       ros2: config: Domain/SharedMemory/LogLevel/#text: info {}
1709023675.378499 [0]       ros2: config: Domain[@Id]: 0 {1}
1709023675.378519 [0]       ros2: started at 1709023675.06378506 -- 2024-02-27 08:47:55+00:00
1709023675.378523 [0]       ros2: udp initialized
1709023675.379230 [0]       ros2: interfaces: lo udp/127.0.0.1(q1) enp3s0 udp/192.168.0.11(q9) wlp2s0 wireless udp/192.168.1.211(q9) docker0 udp/172.17.0.1(q9) br-a03bcd7d4a18 udp/172.18.0.1(q9)
1709023675.379243 [0]       ros2: selected interfaces: docker0 (index 4 priority 0)
1709023675.379246 [0]       ros2: presumed robust multicast support, use for everything
1709023675.379263 [0]       ros2: ownip: udp/172.17.0.1
1709023675.379267 [0]       ros2: extmask: invalid/0 (not applicable)
1709023675.379270 [0]       ros2: SPDP MC: udp/239.255.0.1
1709023675.379273 [0]       ros2: default MC: udp/239.255.0.1
1709023675.379276 [0]       ros2: SSM support included
1709023675.379403 [0]       ros2: failed to increase socket receive buffer size to 1048576 bytes, continuing with 425984 bytes
1709023675.379417 [0]       ros2: rtps_init: uc ports: disc 0 data 0
1709023675.379420 [0]       ros2: rtps_init: domainid 0 participantid -2
1709023675.379423 [0]       ros2: Unicast Ports: discovery 38548 data 38548
1709023675.379431 [0]       ros2: failed to increase socket receive buffer size to 1048576 bytes, continuing with 425984 bytes
1709023675.379440 [0]       ros2: failed to increase socket receive buffer size to 1048576 bytes, continuing with 425984 bytes
1709023675.379445 [0]       ros2: Multicast Ports: discovery 7400 data 7401 
1709023675.379450 [0]       ros2: failed to increase socket receive buffer size to 1048576 bytes, continuing with 425984 bytes
1709023675.379459 [0]       ros2: interface docker0: transmit port 39713
1709023681.622789 [0]       ros2: udp finalized
1709023681.622900 [0]       ros2: Finis.
